Registering wxcore-0.92.3.0...
Julian\Dropbox\Projects\sudoku-solver\.cabal-sandbox\x86_64-windows-ghc-8.0.2\wxcore-0.92.3.0-CebJ9qfQ3flKHPti1GH4K
Core\WxcObject.hs, dist\dist-sandbox-fd15c6e0\build\Graphics\UI\WXCore\WxcObject.o )
[ 2 of 23] Compiling Graphics.UI.WXCore.WxcDefs ( src\haskell\Graphics\UI\WXCore\WxcDefs.hs, dist\dist-sandbox-fd15c6e0\build\Graphics\UI\WXCore\WxcDefs.o )
[ 3 of 23] Compiling Graphics.UI.WXCore.WxcClassTypes ( src\haskell\Graphics\UI\WXCore\WxcClassTypes.hs, dist\dist-sandbox-fd15c6e0\build\Graphics\UI\WXCore\WxcClassTypes.o )
[ 4 of 23] Compiling Graphics.UI.WXCore.WxcTypes ( src\haskell\Graphics\UI\WXCore\WxcTypes.hs, dist\dist-sandbox-fd15c6e0\build\Graphics\UI\WXCore\WxcTypes.o )
[ 5 of 23] Compiling Graphics.UI.WXCore.WxcClassesAL ( src\haskell\Graphics\UI\WXCore\WxcClassesAL.hs, dist\dist-sandbox-fd15c6e0\build\Graphics\UI\WXCore\WxcClassesAL.o )
[ 6 of 23] Compiling Graphics.UI.WXCore.WxcClassesMZ ( src\haskell\Graphics\UI\WXCore\WxcClassesMZ.hs, dist\dist-sandbox-fd15c6e0\build\Graphics\UI\WXCore\WxcClassesMZ.o )
[ 7 of 23] Compiling Graphics.UI.WXCore.WxcClasses ( src\haskell\Graphics\UI\WXCore\WxcClasses.hs, dist\dist-sandbox-fd15c6e0\build\Graphics\UI\WXCore\WxcClasses.o )
[ 8 of 23] Compiling Graphics.UI.WXCore.WxcClassInfo ( src\haskell\Graphics\UI\WXCore\WxcClassInfo.hs, dist\dist-sandbox-fd15c6e0\build\Graphics\UI\WXCore\WxcClassInfo.o )
[ 9 of 23] Compiling Graphics.UI.WXCore.Types ( src\haskell\Graphics\UI\WXCore\Types.hs, dist\dist-sandbox-fd15c6e0\build\Graphics\UI\WXCore\Types.o )
[10 of 23] Compiling Graphics.UI.WXCore.OpenGL ( src\haskell\Graphics\UI\WXCore\OpenGL.hs, dist\dist-sandbox-fd15c6e0\build\Graphics\UI\WXCore\OpenGL.o )
[11 of 23] Compiling Graphics.UI.WXCore.Image ( src\haskell\Graphics\UI\WXCore\Image.hs, dist\dist-sandbox-fd15c6e0\build\Graphics\UI\WXCore\Image.o )
[12 of 23] Compiling Graphics.UI.WXCore.GHCiSupport ( src\haskell\Graphics\UI\WXCore\GHCiSupport.hs, dist\dist-sandbox-fd15c6e0\build\Graphics\UI\WXCore\GHCiSupport.o )
[13 of 23] Compiling Graphics.UI.WXCore.Frame ( src\haskell\Graphics\UI\WXCore\Frame.hs, dist\dist-sandbox-fd15c6e0\build\Graphics\UI\WXCore\Frame.o )
[14 of 23] Compiling Graphics.UI.WXCore.Layout ( src\haskell\Graphics\UI\WXCore\Layout.hs, dist\dist-sandbox-fd15c6e0\build\Graphics\UI\WXCore\Layout.o )
[15 of 23] Compiling Graphics.UI.WXCore.Defines ( src\haskell\Graphics\UI\WXCore\Defines.hs, dist\dist-sandbox-fd15c6e0\build\Graphics\UI\WXCore\Defines.o )
[16 of 23] Compiling Graphics.UI.WXCore.DragAndDrop ( src\haskell\Graphics\UI\WXCore\DragAndDrop.hs, dist\dist-sandbox-fd15c6e0\build\Graphics\UI\WXCore\DragAndDrop.o )
[17 of 23] Compiling Graphics.UI.WXCore.Draw ( src\haskell\Graphics\UI\WXCore\Draw.hs, dist\dist-sandbox-fd15c6e0\build\Graphics\UI\WXCore\Draw.o )
[18 of 23] Compiling Graphics.UI.WXCore.Dialogs ( src\haskell\Graphics\UI\WXCore\Dialogs.hs, dist\dist-sandbox-fd15c6e0\build\Graphics\UI\WXCore\Dialogs.o )
[19 of 23] Compiling Graphics.UI.WXCore.Events ( src\haskell\Graphics\UI\WXCore\Events.hs, dist\dist-sandbox-fd15c6e0\build\Graphics\UI\WXCore\Events.o )
[20 of 23] Compiling Graphics.UI.WXCore.Print ( src\haskell\Graphics\UI\WXCore\Print.hs, dist\dist-sandbox-fd15c6e0\build\Graphics\UI\WXCore\Print.o )
[21 of 23] Compiling Graphics.UI.WXCore.Process ( src\haskell\Graphics\UI\WXCore\Process.hs, dist\dist-sandbox-fd15c6e0\build\Graphics\UI\WXCore\Process.o )
[22 of 23] Compiling Graphics.UI.WXCore.Controls ( src\haskell\Graphics\UI\WXCore\Controls.hs, dist\dist-sandbox-fd15c6e0\build\Graphics\UI\WXCore\Controls.o )
[23 of 23] Compiling Graphics.UI.WXCore ( src\haskell\Graphics\UI\WXCore.hs, dist\dist-sandbox-fd15c6e0\build\Graphics\UI\WXCore.o )
cabal: Leaving directory 'C:\Users\Julian\AppData\Local\Temp\cabal-tmp-8724\wxcore-0.92.3.0'
