Configuring terminal-size-0.3.2.1...
Building terminal-size-0.3.2.1...
Preprocessing library terminal-size-0.3.2.1...
[1 of 3] Compiling System.Console.Terminal.Common ( src\System\Console\Terminal\Common.hs, .stack-work\dist\ca59d0ab\build\System\Console\Terminal\Common.o )
[2 of 3] Compiling System.Console.Terminal.Windows ( src\System\Console\Terminal\Windows.hs, .stack-work\dist\ca59d0ab\build\System\Console\Terminal\Windows.o )

src\System\Console\Terminal\Windows.hs:28:1: warning: [-Wunsupported-calling-conventions]
    * the 'stdcall' calling convention is unsupported on this platform,
      treating as ccall
    * When checking declaration:
        foreign import stdcall unsafe "static windows.h GetConsoleScreenBufferInfo" c_GetConsoleScreenBufferInfo
          :: HANDLE -> Ptr CONSOLE_SCREEN_BUFFER_INFO -> IO Bool

src\System\Console\Terminal\Windows.hs:31:1: warning: [-Wunsupported-calling-conventions]
    * the 'stdcall' calling convention is unsupported on this platform,
      treating as ccall
    * When checking declaration:
        foreign import stdcall unsafe "static windows.h GetStdHandle" c_GetStdHandle
          :: Word32 -> IO HANDLE
[3 of 3] Compiling System.Console.Terminal.Size ( src\System\Console\Terminal\Size.hs, .stack-work\dist\ca59d0ab\build\System\Console\Terminal\Size.o )
Installing library in
C:\sr\snapshots\03c54b70\lib\x86_64-windows-ghc-8.0.2\terminal-size-0.3.2.1-AmA6iayNwsc9qq56OTrDue
Registering terminal-size-0.3.2.1...
